*** CheckFeature log ***
g++ -I../include -I. -march=native -g -O2 -o TestGetTime TestGetTime.cpp GetTime1.cpp -lm
running
g++ -I../include -I. -march=native -g -O2 -o TestGetPID TestGetPID.cpp GetPID1.cpp -lm
g++ -I../include -I. -march=native -g -O2 -o CheckFeature CheckCLZL.cpp CheckCLZLAux.cpp -lm
g++ -I../include -I. -march=native -g -O2 -o CheckFeature CheckLL.cpp CheckLLAux.cpp -lm
g++ -I../include -I. -march=native -g -O2 -o CheckFeature CheckAVX.cpp -lm
CheckAVX.cpp:9:2: error: #error "AVX not supported"
CheckAVX.cpp:13:2: error: #error "AVX not supported"
g++ -I../include -I. -march=native -g -O2 -o CheckFeature CheckFMA.cpp -lm
CheckFMA.cpp:10:2: error: #error "AVX2 with FMA not supported"
CheckFMA.cpp:14:2: error: #error "AVX2 with FMA not supported"
CheckFMA.cpp: In function ‘void fun(double*, const double*, const double*)’:
CheckFMA.cpp:29:43: error: ‘_mm256_fmadd_pd’ was not declared in this scope
g++ -I../include -I. -march=native -g -O2 -o CheckFeature CheckPCLMUL.cpp -lm
CheckPCLMUL.cpp:8:2: error: #error "PCLMUL not supported"
CheckPCLMUL.cpp:12:2: error: #error "PCLMUL not supported"
CheckPCLMUL.cpp: In function ‘void pclmul_mul1(long unsigned int*, long unsigned int, long unsigned int)’:
CheckPCLMUL.cpp:22:50: error: ‘_mm_cvtsi64_m64’ was not declared in this scope
